Determining if the Q_WS_WIN exist failed with the following output:
Change Dir: /media/damien/ce4339aa-ebef-483a-9d72-2b221817c00e/drive/teaching/2018_2019/2018_2019_animation_3d/2018_2019_animation_3d/practice/src/04_keyframe_interpolation/data/code/01_interpolation/data/marine/build-tp_modelisation-Desktop-Default/CMakeFiles/CMakeTmp

Run Build Command:"/usr/bin/make" "cmTC_beb71/fast"
/usr/bin/make -f CMakeFiles/cmTC_beb71.dir/build.make CMakeFiles/cmTC_beb71.dir/build
make[1]: Entering directory '/media/damien/ce4339aa-ebef-483a-9d72-2b221817c00e/drive/teaching/2018_2019/2018_2019_animation_3d/2018_2019_animation_3d/practice/src/04_keyframe_interpolation/data/code/01_interpolation/data/marine/build-tp_modelisation-Desktop-Default/CMakeFiles/CMakeTmp'
Building CXX object CMakeFiles/cmTC_beb71.dir/CheckSymbolExists.cxx.o
/usr/bin/g++   -I/usr/include/qt4   -o CMakeFiles/cmTC_beb71.dir/CheckSymbolExists.cxx.o -c /media/damien/ce4339aa-ebef-483a-9d72-2b221817c00e/drive/teaching/2018_2019/2018_2019_animation_3d/2018_2019_animation_3d/practice/src/04_keyframe_interpolation/data/code/01_interpolation/data/marine/build-tp_modelisation-Desktop-Default/CMakeFiles/CMakeTmp/CheckSymbolExists.cxx
/media/damien/ce4339aa-ebef-483a-9d72-2b221817c00e/drive/teaching/2018_2019/2018_2019_animation_3d/2018_2019_animation_3d/practice/src/04_keyframe_interpolation/data/code/01_interpolation/data/marine/build-tp_modelisation-Desktop-Default/CMakeFiles/CMakeTmp/CheckSymbolExists.cxx: In function ‘int main(int, char**)’:
/media/damien/ce4339aa-ebef-483a-9d72-2b221817c00e/drive/teaching/2018_2019/2018_2019_animation_3d/2018_2019_animation_3d/practice/src/04_keyframe_interpolation/data/code/01_interpolation/data/marine/build-tp_modelisation-Desktop-Default/CMakeFiles/CMakeTmp/CheckSymbolExists.cxx:8:19: error: ‘Q_WS_WIN’ was not declared in this scope
   return ((int*)(&Q_WS_WIN))[argc];
                   ^~~~~~~~
/media/damien/ce4339aa-ebef-483a-9d72-2b221817c00e/drive/teaching/2018_2019/2018_2019_animation_3d/2018_2019_animation_3d/practice/src/04_keyframe_interpolation/data/code/01_interpolation/data/marine/build-tp_modelisation-Desktop-Default/CMakeFiles/CMakeTmp/CheckSymbolExists.cxx:8:19: note: suggested alternative: ‘Q_WS_X11’
   return ((int*)(&Q_WS_WIN))[argc];
                   ^~~~~~~~
                   Q_WS_X11
CMakeFiles/cmTC_beb71.dir/build.make:65: recipe for target 'CMakeFiles/cmTC_beb71.dir/CheckSymbolExists.cxx.o' failed
make[1]: *** [CMakeFiles/cmTC_beb71.dir/CheckSymbolExists.cxx.o] Error 1
make[1]: Leaving directory '/media/damien/ce4339aa-ebef-483a-9d72-2b221817c00e/drive/teaching/2018_2019/2018_2019_animation_3d/2018_2019_animation_3d/practice/src/04_keyframe_interpolation/data/code/01_interpolation/data/marine/build-tp_modelisation-Desktop-Default/CMakeFiles/CMakeTmp'
Makefile:126: recipe for target 'cmTC_beb71/fast' failed
make: *** [cmTC_beb71/fast] Error 2

File /media/damien/ce4339aa-ebef-483a-9d72-2b221817c00e/drive/teaching/2018_2019/2018_2019_animation_3d/2018_2019_animation_3d/practice/src/04_keyframe_interpolation/data/code/01_interpolation/data/marine/build-tp_modelisation-Desktop-Default/CMakeFiles/CMakeTmp/CheckSymbolExists.cxx:
/* */
#include <QtCore/qglobal.h>

int main(int argc, char** argv)
{
  (void)argv;
#ifndef Q_WS_WIN
  return ((int*)(&Q_WS_WIN))[argc];
#else
  (void)argc;
  return 0;
#endif
}

Determining if the Q_WS_QWS exist failed with the following output:
Change Dir: /media/damien/ce4339aa-ebef-483a-9d72-2b221817c00e/drive/teaching/2018_2019/2018_2019_animation_3d/2018_2019_animation_3d/practice/src/04_keyframe_interpolation/data/code/01_interpolation/data/marine/build-tp_modelisation-Desktop-Default/CMakeFiles/CMakeTmp

Run Build Command:"/usr/bin/make" "cmTC_d4612/fast"
/usr/bin/make -f CMakeFiles/cmTC_d4612.dir/build.make CMakeFiles/cmTC_d4612.dir/build
make[1]: Entering directory '/media/damien/ce4339aa-ebef-483a-9d72-2b221817c00e/drive/teaching/2018_2019/2018_2019_animation_3d/2018_2019_animation_3d/practice/src/04_keyframe_interpolation/data/code/01_interpolation/data/marine/build-tp_modelisation-Desktop-Default/CMakeFiles/CMakeTmp'
Building CXX object CMakeFiles/cmTC_d4612.dir/CheckSymbolExists.cxx.o
/usr/bin/g++   -I/usr/include/qt4   -o CMakeFiles/cmTC_d4612.dir/CheckSymbolExists.cxx.o -c /media/damien/ce4339aa-ebef-483a-9d72-2b221817c00e/drive/teaching/2018_2019/2018_2019_animation_3d/2018_2019_animation_3d/practice/src/04_keyframe_interpolation/data/code/01_interpolation/data/marine/build-tp_modelisation-Desktop-Default/CMakeFiles/CMakeTmp/CheckSymbolExists.cxx
/media/damien/ce4339aa-ebef-483a-9d72-2b221817c00e/drive/teaching/2018_2019/2018_2019_animation_3d/2018_2019_animation_3d/practice/src/04_keyframe_interpolation/data/code/01_interpolation/data/marine/build-tp_modelisation-Desktop-Default/CMakeFiles/CMakeTmp/CheckSymbolExists.cxx: In function ‘int main(int, char**)’:
/media/damien/ce4339aa-ebef-483a-9d72-2b221817c00e/drive/teaching/2018_2019/2018_2019_animation_3d/2018_2019_animation_3d/practice/src/04_keyframe_interpolation/data/code/01_interpolation/data/marine/build-tp_modelisation-Desktop-Default/CMakeFiles/CMakeTmp/CheckSymbolExists.cxx:8:19: error: ‘Q_WS_QWS’ was not declared in this scope
   return ((int*)(&Q_WS_QWS))[argc];
                   ^~~~~~~~
/media/damien/ce4339aa-ebef-483a-9d72-2b221817c00e/drive/teaching/2018_2019/2018_2019_animation_3d/2018_2019_animation_3d/practice/src/04_keyframe_interpolation/data/code/01_interpolation/data/marine/build-tp_modelisation-Desktop-Default/CMakeFiles/CMakeTmp/CheckSymbolExists.cxx:8:19: note: suggested alternative: ‘Q_WS_X11’
   return ((int*)(&Q_WS_QWS))[argc];
                   ^~~~~~~~
                   Q_WS_X11
CMakeFiles/cmTC_d4612.dir/build.make:65: recipe for target 'CMakeFiles/cmTC_d4612.dir/CheckSymbolExists.cxx.o' failed
make[1]: *** [CMakeFiles/cmTC_d4612.dir/CheckSymbolExists.cxx.o] Error 1
make[1]: Leaving directory '/media/damien/ce4339aa-ebef-483a-9d72-2b221817c00e/drive/teaching/2018_2019/2018_2019_animation_3d/2018_2019_animation_3d/practice/src/04_keyframe_interpolation/data/code/01_interpolation/data/marine/build-tp_modelisation-Desktop-Default/CMakeFiles/CMakeTmp'
Makefile:126: recipe for target 'cmTC_d4612/fast' failed
make: *** [cmTC_d4612/fast] Error 2

File /media/damien/ce4339aa-ebef-483a-9d72-2b221817c00e/drive/teaching/2018_2019/2018_2019_animation_3d/2018_2019_animation_3d/practice/src/04_keyframe_interpolation/data/code/01_interpolation/data/marine/build-tp_modelisation-Desktop-Default/CMakeFiles/CMakeTmp/CheckSymbolExists.cxx:
/* */
#include <QtCore/qglobal.h>

int main(int argc, char** argv)
{
  (void)argv;
#ifndef Q_WS_QWS
  return ((int*)(&Q_WS_QWS))[argc];
#else
  (void)argc;
  return 0;
#endif
}

Determining if the Q_WS_MAC exist failed with the following output:
Change Dir: /media/damien/ce4339aa-ebef-483a-9d72-2b221817c00e/drive/teaching/2018_2019/2018_2019_animation_3d/2018_2019_animation_3d/practice/src/04_keyframe_interpolation/data/code/01_interpolation/data/marine/build-tp_modelisation-Desktop-Default/CMakeFiles/CMakeTmp

Run Build Command:"/usr/bin/make" "cmTC_22ba3/fast"
/usr/bin/make -f CMakeFiles/cmTC_22ba3.dir/build.make CMakeFiles/cmTC_22ba3.dir/build
make[1]: Entering directory '/media/damien/ce4339aa-ebef-483a-9d72-2b221817c00e/drive/teaching/2018_2019/2018_2019_animation_3d/2018_2019_animation_3d/practice/src/04_keyframe_interpolation/data/code/01_interpolation/data/marine/build-tp_modelisation-Desktop-Default/CMakeFiles/CMakeTmp'
Building CXX object CMakeFiles/cmTC_22ba3.dir/CheckSymbolExists.cxx.o
/usr/bin/g++   -I/usr/include/qt4   -o CMakeFiles/cmTC_22ba3.dir/CheckSymbolExists.cxx.o -c /media/damien/ce4339aa-ebef-483a-9d72-2b221817c00e/drive/teaching/2018_2019/2018_2019_animation_3d/2018_2019_animation_3d/practice/src/04_keyframe_interpolation/data/code/01_interpolation/data/marine/build-tp_modelisation-Desktop-Default/CMakeFiles/CMakeTmp/CheckSymbolExists.cxx
/media/damien/ce4339aa-ebef-483a-9d72-2b221817c00e/drive/teaching/2018_2019/2018_2019_animation_3d/2018_2019_animation_3d/practice/src/04_keyframe_interpolation/data/code/01_interpolation/data/marine/build-tp_modelisation-Desktop-Default/CMakeFiles/CMakeTmp/CheckSymbolExists.cxx: In function ‘int main(int, char**)’:
/media/damien/ce4339aa-ebef-483a-9d72-2b221817c00e/drive/teaching/2018_2019/2018_2019_animation_3d/2018_2019_animation_3d/practice/src/04_keyframe_interpolation/data/code/01_interpolation/data/marine/build-tp_modelisation-Desktop-Default/CMakeFiles/CMakeTmp/CheckSymbolExists.cxx:8:19: error: ‘Q_WS_MAC’ was not declared in this scope
   return ((int*)(&Q_WS_MAC))[argc];
                   ^~~~~~~~
/media/damien/ce4339aa-ebef-483a-9d72-2b221817c00e/drive/teaching/2018_2019/2018_2019_animation_3d/2018_2019_animation_3d/practice/src/04_keyframe_interpolation/data/code/01_interpolation/data/marine/build-tp_modelisation-Desktop-Default/CMakeFiles/CMakeTmp/CheckSymbolExists.cxx:8:19: note: suggested alternative: ‘Q_WS_X11’
   return ((int*)(&Q_WS_MAC))[argc];
                   ^~~~~~~~
                   Q_WS_X11
CMakeFiles/cmTC_22ba3.dir/build.make:65: recipe for target 'CMakeFiles/cmTC_22ba3.dir/CheckSymbolExists.cxx.o' failed
make[1]: *** [CMakeFiles/cmTC_22ba3.dir/CheckSymbolExists.cxx.o] Error 1
make[1]: Leaving directory '/media/damien/ce4339aa-ebef-483a-9d72-2b221817c00e/drive/teaching/2018_2019/2018_2019_animation_3d/2018_2019_animation_3d/practice/src/04_keyframe_interpolation/data/code/01_interpolation/data/marine/build-tp_modelisation-Desktop-Default/CMakeFiles/CMakeTmp'
Makefile:126: recipe for target 'cmTC_22ba3/fast' failed
make: *** [cmTC_22ba3/fast] Error 2

File /media/damien/ce4339aa-ebef-483a-9d72-2b221817c00e/drive/teaching/2018_2019/2018_2019_animation_3d/2018_2019_animation_3d/practice/src/04_keyframe_interpolation/data/code/01_interpolation/data/marine/build-tp_modelisation-Desktop-Default/CMakeFiles/CMakeTmp/CheckSymbolExists.cxx:
/* */
#include <QtCore/qglobal.h>

int main(int argc, char** argv)
{
  (void)argv;
#ifndef Q_WS_MAC
  return ((int*)(&Q_WS_MAC))[argc];
#else
  (void)argc;
  return 0;
#endif
}

